#0 building with "default" instance using docker driver

#1 [drupal internal] load build definition from Dockerfile
#1 transferring dockerfile: 2.75kB 0.0s done
#1 DONE 0.0s

#2 [drupal auth] docker/dockerfile:pull token for registry-1.docker.io
#2 DONE 0.0s

#3 [drupal] resolve image config for docker.io/docker/dockerfile:1
#3 DONE 12.7s

#4 [drupal] docker-image://docker.io/docker/dockerfile:1@sha256:ac85f380a63b13dfcefa89046420e1781752bab202122f8f50032edf31be0021
#4 CACHED

#5 [drupal auth] library/drupal:pull token for registry-1.docker.io
#5 DONE 0.0s

#6 [drupal internal] load metadata for docker.io/library/drupal:latest
#6 DONE 11.7s

#7 [drupal internal] load .dockerignore
#7 transferring context: 50B done
#7 DONE 0.0s

#8 [drupal  1/10] FROM docker.io/library/drupal:latest@sha256:803c5f79148f2ab7d56e03c94055d274b8cb6aae04f6c61b4d0d7d1bdb6bc467
#8 DONE 0.0s

#9 [drupal internal] load build context
#9 transferring context: 259B 0.0s done
#9 DONE 0.0s

#10 [drupal  3/10] RUN ln -sf /usr/bin/bash /bin/sh
#10 CACHED

#11 [drupal  2/10] RUN mv "/usr/local/etc/php/php.ini-production" "/usr/local/etc/php/php.ini"
#11 CACHED

#12 [drupal  4/10] WORKDIR /opt/drupal
#12 CACHED

#13 [drupal  6/10] COPY ./wait-for-it.sh /opt/wait-for-it.sh
#13 CACHED

#14 [drupal  5/10] COPY ./entrypoint.sh /opt/entrypoint.sh
#14 CACHED

#15 [drupal  7/10] COPY ./profile/odm /opt/odm
#15 CACHED

#16 [drupal  8/10] RUN <<EOF (docker-php-ext-install bcmath...)
#16 1.732 Configuring for:
#16 1.732 PHP Api Version:         20220829
#16 1.732 Zend Module Api No:      20220829
#16 1.732 Zend Extension Api No:   420220829
#16 2.255 checking for grep that handles long lines and -e... /usr/bin/grep
#16 2.257 checking for egrep... /usr/bin/grep -E
#16 2.259 checking for a sed that does not truncate output... /usr/bin/sed
#16 2.288 checking for pkg-config... /usr/bin/pkg-config
#16 2.288 checking pkg-config is at least version 0.9.0... yes
#16 2.289 checking for cc... cc
#16 2.308 checking whether the C compiler works... yes
#16 2.335 checking for C compiler default output file name... a.out
#16 2.336 checking for suffix of executables... 
#16 2.367 checking whether we are cross compiling... no
#16 2.404 checking for suffix of object files... o
#16 2.419 checking whether the compiler supports GNU C... yes
#16 2.435 checking whether cc accepts -g... yes
#16 2.450 checking for cc option to enable C11 features... none needed
#16 2.488 checking how to run the C preprocessor... cc -E
#16 2.528 checking for icc... no
#16 2.536 checking for suncc... no
#16 2.543 checking for system library directory... lib
#16 2.543 checking if compiler supports -Wl,-rpath,... yes
#16 2.576 checking build system type... x86_64-pc-linux-gnu
#16 2.580 checking host system type... x86_64-pc-linux-gnu
#16 2.580 checking target system type... x86_64-pc-linux-gnu
#16 2.622 checking for PHP prefix... /usr/local
#16 2.622 checking for PHP includes... -I/usr/local/include/php -I/usr/local/include/php/main -I/usr/local/include/php/TSRM -I/usr/local/include/php/Zend -I/usr/local/include/php/ext -I/usr/local/include/php/ext/date/lib
#16 2.623 checking for PHP extension directory... /usr/local/lib/php/extensions/no-debug-non-zts-20220829
#16 2.623 checking for PHP installed headers prefix... /usr/local/include/php
#16 2.623 checking if debug is enabled... no
#16 2.637 checking if zts is enabled... no
#16 2.649 checking for gawk... no
#16 2.649 checking for nawk... nawk
#16 2.650 checking if nawk is broken... no
#16 2.651 checking whether to enable bc style precision math functions... yes, shared
#16 2.668 checking for a sed that does not truncate output... /usr/bin/sed
#16 2.670 checking for ld used by cc... /usr/bin/ld
#16 2.674 checking if the linker (/usr/bin/ld) is GNU ld... yes
#16 2.676 checking for /usr/bin/ld option to reload object files... -r
#16 2.676 checking for BSD-compatible nm... /usr/bin/nm -B
#16 2.678 checking whether ln -s works... yes
#16 2.679 checking how to recognize dependent libraries... pass_all
#16 2.689 checking for stdio.h... yes
#16 2.703 checking for stdlib.h... yes
#16 2.721 checking for string.h... yes
#16 2.738 checking for inttypes.h... yes
#16 2.757 checking for stdint.h... yes
#16 2.776 checking for strings.h... yes
#16 2.795 checking for sys/stat.h... yes
#16 2.814 checking for sys/types.h... yes
#16 2.833 checking for unistd.h... yes
#16 2.852 checking for dlfcn.h... yes
#16 2.874 checking the maximum length of command line arguments... 1572864
#16 2.878 checking command to parse /usr/bin/nm -B output from cc object... ok
#16 2.925 checking for objdir... .libs
#16 2.928 checking for ar... ar
#16 2.928 checking for ranlib... ranlib
#16 2.929 checking for strip... strip
#16 2.968 checking if cc supports -fno-rtti -fno-exceptions... no
#16 2.985 checking for cc option to produce PIC... -fPIC
#16 2.985 checking if cc PIC flag -fPIC works... yes
#16 3.000 checking if cc static flag -static works... yes
#16 3.047 checking if cc supports -c -o file.o... yes
#16 3.067 checking whether the cc linker (/usr/bin/ld -m elf_x86_64) supports shared libraries... yes
#16 3.077 checking whether -lc should be explicitly linked in... no
#16 3.097 checking dynamic linker characteristics... GNU/Linux ld.so
#16 3.108 checking how to hardcode library paths into programs... immediate
#16 3.108 checking whether stripping libraries is possible... yes
#16 3.111 checking if libtool supports shared libraries... yes
#16 3.111 checking whether to build shared libraries... yes
#16 3.111 checking whether to build static libraries... no
#16 3.218 
#16 3.218 creating libtool
#16 3.233 appending configuration tag "CXX" to libtool
#16 3.321 configure: patching config.h.in
#16 3.325 configure: creating ./config.status
#16 3.360 config.status: creating config.h
#16 3.391 /bin/sh /usr/src/php/ext/bcmath/libtool --tag=CC --mode=compile cc -I. -I/usr/src/php/ext/bcmath -I/usr/src/php/ext/bcmath/include -I/usr/src/php/ext/bcmath/main -I/usr/src/php/ext/bcmath -I/usr/local/include/php -I/usr/local/include/php/main -I/usr/local/include/php/TSRM -I/usr/local/include/php/Zend -I/usr/local/include/php/ext -I/usr/local/include/php/ext/date/lib  -fstack-protector-strong -fpic -fpie -O2 -D_LARGEFILE_SOURCE -D_FILE_OFFSET_BITS=64 -DHAVE_CONFIG_H  -fstack-protector-strong -fpic -fpie -O2 -D_LARGEFILE_SOURCE -D_FILE_OFFSET_BITS=64 -D_GNU_SOURCE   -I/usr/src/php/ext/bcmath/libbcmath/src -DZEND_ENABLE_STATIC_TSRMLS_CACHE=1 -DZEND_COMPILE_DL_EXT=1 -c /usr/src/php/ext/bcmath/bcmath.c -o bcmath.lo  -MMD -MF bcmath.dep -MT bcmath.lo
#16 3.464 mkdir .libs
#16 3.466  cc -I. -I/usr/src/php/ext/bcmath -I/usr/src/php/ext/bcmath/include -I/usr/src/php/ext/bcmath/main -I/usr/src/php/ext/bcmath -I/usr/local/include/php -I/usr/local/include/php/main -I/usr/local/include/php/TSRM -I/usr/local/include/php/Zend -I/usr/local/include/php/ext -I/usr/local/include/php/ext/date/lib -fstack-protector-strong -fpic -fpie -O2 -D_LARGEFILE_SOURCE -D_FILE_OFFSET_BITS=64 -DHAVE_CONFIG_H -fstack-protector-strong -fpic -fpie -O2 -D_LARGEFILE_SOURCE -D_FILE_OFFSET_BITS=64 -D_GNU_SOURCE -I/usr/src/php/ext/bcmath/libbcmath/src -DZEND_ENABLE_STATIC_TSRMLS_CACHE=1 -DZEND_COMPILE_DL_EXT=1 -c /usr/src/php/ext/bcmath/bcmath.c -MMD -MF bcmath.dep -MT bcmath.lo  -fPIC -DPIC -o .libs/bcmath.o
#16 3.745 /bin/sh /usr/src/php/ext/bcmath/libtool --tag=CC --mode=compile cc -I. -I/usr/src/php/ext/bcmath -I/usr/src/php/ext/bcmath/include -I/usr/src/php/ext/bcmath/main -I/usr/src/php/ext/bcmath -I/usr/local/include/php -I/usr/local/include/php/main -I/usr/local/include/php/TSRM -I/usr/local/include/php/Zend -I/usr/local/include/php/ext -I/usr/local/include/php/ext/date/lib  -fstack-protector-strong -fpic -fpie -O2 -D_LARGEFILE_SOURCE -D_FILE_OFFSET_BITS=64 -DHAVE_CONFIG_H  -fstack-protector-strong -fpic -fpie -O2 -D_LARGEFILE_SOURCE -D_FILE_OFFSET_BITS=64 -D_GNU_SOURCE   -I/usr/src/php/ext/bcmath/libbcmath/src -DZEND_ENABLE_STATIC_TSRMLS_CACHE=1 -DZEND_COMPILE_DL_EXT=1 -c /usr/src/php/ext/bcmath/libbcmath/src/add.c -o libbcmath/src/add.lo  -MMD -MF libbcmath/src/add.dep -MT libbcmath/src/add.lo
#16 3.818 mkdir libbcmath/src/.libs
#16 3.820  cc -I. -I/usr/src/php/ext/bcmath -I/usr/src/php/ext/bcmath/include -I/usr/src/php/ext/bcmath/main -I/usr/src/php/ext/bcmath -I/usr/local/include/php -I/usr/local/include/php/main -I/usr/local/include/php/TSRM -I/usr/local/include/php/Zend -I/usr/local/include/php/ext -I/usr/local/include/php/ext/date/lib -fstack-protector-strong -fpic -fpie -O2 -D_LARGEFILE_SOURCE -D_FILE_OFFSET_BITS=64 -DHAVE_CONFIG_H -fstack-protector-strong -fpic -fpie -O2 -D_LARGEFILE_SOURCE -D_FILE_OFFSET_BITS=64 -D_GNU_SOURCE -I/usr/src/php/ext/bcmath/libbcmath/src -DZEND_ENABLE_STATIC_TSRMLS_CACHE=1 -DZEND_COMPILE_DL_EXT=1 -c /usr/src/php/ext/bcmath/libbcmath/src/add.c -MMD -MF libbcmath/src/add.dep -MT libbcmath/src/add.lo  -fPIC -DPIC -o libbcmath/src/.libs/add.o
#16 3.929 /bin/sh /usr/src/php/ext/bcmath/libtool --tag=CC --mode=compile cc -I. -I/usr/src/php/ext/bcmath -I/usr/src/php/ext/bcmath/include -I/usr/src/php/ext/bcmath/main -I/usr/src/php/ext/bcmath -I/usr/local/include/php -I/usr/local/include/php/main -I/usr/local/include/php/TSRM -I/usr/local/include/php/Zend -I/usr/local/include/php/ext -I/usr/local/include/php/ext/date/lib  -fstack-protector-strong -fpic -fpie -O2 -D_LARGEFILE_SOURCE -D_FILE_OFFSET_BITS=64 -DHAVE_CONFIG_H  -fstack-protector-strong -fpic -fpie -O2 -D_LARGEFILE_SOURCE -D_FILE_OFFSET_BITS=64 -D_GNU_SOURCE   -I/usr/src/php/ext/bcmath/libbcmath/src -DZEND_ENABLE_STATIC_TSRMLS_CACHE=1 -DZEND_COMPILE_DL_EXT=1 -c /usr/src/php/ext/bcmath/libbcmath/src/div.c -o libbcmath/src/div.lo  -MMD -MF libbcmath/src/div.dep -MT libbcmath/src/div.lo
#16 4.003  cc -I. -I/usr/src/php/ext/bcmath -I/usr/src/php/ext/bcmath/include -I/usr/src/php/ext/bcmath/main -I/usr/src/php/ext/bcmath -I/usr/local/include/php -I/usr/local/include/php/main -I/usr/local/include/php/TSRM -I/usr/local/include/php/Zend -I/usr/local/include/php/ext -I/usr/local/include/php/ext/date/lib -fstack-protector-strong -fpic -fpie -O2 -D_LARGEFILE_SOURCE -D_FILE_OFFSET_BITS=64 -DHAVE_CONFIG_H -fstack-protector-strong -fpic -fpie -O2 -D_LARGEFILE_SOURCE -D_FILE_OFFSET_BITS=64 -D_GNU_SOURCE -I/usr/src/php/ext/bcmath/libbcmath/src -DZEND_ENABLE_STATIC_TSRMLS_CACHE=1 -DZEND_COMPILE_DL_EXT=1 -c /usr/src/php/ext/bcmath/libbcmath/src/div.c -MMD -MF libbcmath/src/div.dep -MT libbcmath/src/div.lo  -fPIC -DPIC -o libbcmath/src/.libs/div.o
#16 4.168 /bin/sh /usr/src/php/ext/bcmath/libtool --tag=CC --mode=compile cc -I. -I/usr/src/php/ext/bcmath -I/usr/src/php/ext/bcmath/include -I/usr/src/php/ext/bcmath/main -I/usr/src/php/ext/bcmath -I/usr/local/include/php -I/usr/local/include/php/main -I/usr/local/include/php/TSRM -I/usr/local/include/php/Zend -I/usr/local/include/php/ext -I/usr/local/include/php/ext/date/lib  -fstack-protector-strong -fpic -fpie -O2 -D_LARGEFILE_SOURCE -D_FILE_OFFSET_BITS=64 -DHAVE_CONFIG_H  -fstack-protector-strong -fpic -fpie -O2 -D_LARGEFILE_SOURCE -D_FILE_OFFSET_BITS=64 -D_GNU_SOURCE   -I/usr/src/php/ext/bcmath/libbcmath/src -DZEND_ENABLE_STATIC_TSRMLS_CACHE=1 -DZEND_COMPILE_DL_EXT=1 -c /usr/src/php/ext/bcmath/libbcmath/src/init.c -o libbcmath/src/init.lo  -MMD -MF libbcmath/src/init.dep -MT libbcmath/src/init.lo
#16 4.251  cc -I. -I/usr/src/php/ext/bcmath -I/usr/src/php/ext/bcmath/include -I/usr/src/php/ext/bcmath/main -I/usr/src/php/ext/bcmath -I/usr/local/include/php -I/usr/local/include/php/main -I/usr/local/include/php/TSRM -I/usr/local/include/php/Zend -I/usr/local/include/php/ext -I/usr/local/include/php/ext/date/lib -fstack-protector-strong -fpic -fpie -O2 -D_LARGEFILE_SOURCE -D_FILE_OFFSET_BITS=64 -DHAVE_CONFIG_H -fstack-protector-strong -fpic -fpie -O2 -D_LARGEFILE_SOURCE -D_FILE_OFFSET_BITS=64 -D_GNU_SOURCE -I/usr/src/php/ext/bcmath/libbcmath/src -DZEND_ENABLE_STATIC_TSRMLS_CACHE=1 -DZEND_COMPILE_DL_EXT=1 -c /usr/src/php/ext/bcmath/libbcmath/src/init.c -MMD -MF libbcmath/src/init.dep -MT libbcmath/src/init.lo  -fPIC -DPIC -o libbcmath/src/.libs/init.o
#16 4.391 /bin/sh /usr/src/php/ext/bcmath/libtool --tag=CC --mode=compile cc -I. -I/usr/src/php/ext/bcmath -I/usr/src/php/ext/bcmath/include -I/usr/src/php/ext/bcmath/main -I/usr/src/php/ext/bcmath -I/usr/local/include/php -I/usr/local/include/php/main -I/usr/local/include/php/TSRM -I/usr/local/include/php/Zend -I/usr/local/include/php/ext -I/usr/local/include/php/ext/date/lib  -fstack-protector-strong -fpic -fpie -O2 -D_LARGEFILE_SOURCE -D_FILE_OFFSET_BITS=64 -DHAVE_CONFIG_H  -fstack-protector-strong -fpic -fpie -O2 -D_LARGEFILE_SOURCE -D_FILE_OFFSET_BITS=64 -D_GNU_SOURCE   -I/usr/src/php/ext/bcmath/libbcmath/src -DZEND_ENABLE_STATIC_TSRMLS_CACHE=1 -DZEND_COMPILE_DL_EXT=1 -c /usr/src/php/ext/bcmath/libbcmath/src/neg.c -o libbcmath/src/neg.lo  -MMD -MF libbcmath/src/neg.dep -MT libbcmath/src/neg.lo
#16 4.463  cc -I. -I/usr/src/php/ext/bcmath -I/usr/src/php/ext/bcmath/include -I/usr/src/php/ext/bcmath/main -I/usr/src/php/ext/bcmath -I/usr/local/include/php -I/usr/local/include/php/main -I/usr/local/include/php/TSRM -I/usr/local/include/php/Zend -I/usr/local/include/php/ext -I/usr/local/include/php/ext/date/lib -fstack-protector-strong -fpic -fpie -O2 -D_LARGEFILE_SOURCE -D_FILE_OFFSET_BITS=64 -DHAVE_CONFIG_H -fstack-protector-strong -fpic -fpie -O2 -D_LARGEFILE_SOURCE -D_FILE_OFFSET_BITS=64 -D_GNU_SOURCE -I/usr/src/php/ext/bcmath/libbcmath/src -DZEND_ENABLE_STATIC_TSRMLS_CACHE=1 -DZEND_COMPILE_DL_EXT=1 -c /usr/src/php/ext/bcmath/libbcmath/src/neg.c -MMD -MF libbcmath/src/neg.dep -MT libbcmath/src/neg.lo  -fPIC -DPIC -o libbcmath/src/.libs/neg.o
#16 4.564 /bin/sh /usr/src/php/ext/bcmath/libtool --tag=CC --mode=compile cc -I. -I/usr/src/php/ext/bcmath -I/usr/src/php/ext/bcmath/include -I/usr/src/php/ext/bcmath/main -I/usr/src/php/ext/bcmath -I/usr/local/include/php -I/usr/local/include/php/main -I/usr/local/include/php/TSRM -I/usr/local/include/php/Zend -I/usr/local/include/php/ext -I/usr/local/include/php/ext/date/lib  -fstack-protector-strong -fpic -fpie -O2 -D_LARGEFILE_SOURCE -D_FILE_OFFSET_BITS=64 -DHAVE_CONFIG_H  -fstack-protector-strong -fpic -fpie -O2 -D_LARGEFILE_SOURCE -D_FILE_OFFSET_BITS=64 -D_GNU_SOURCE   -I/usr/src/php/ext/bcmath/libbcmath/src -DZEND_ENABLE_STATIC_TSRMLS_CACHE=1 -DZEND_COMPILE_DL_EXT=1 -c /usr/src/php/ext/bcmath/libbcmath/src/raisemod.c -o libbcmath/src/raisemod.lo  -MMD -MF libbcmath/src/raisemod.dep -MT libbcmath/src/raisemod.lo
#16 4.636  cc -I. -I/usr/src/php/ext/bcmath -I/usr/src/php/ext/bcmath/include -I/usr/src/php/ext/bcmath/main -I/usr/src/php/ext/bcmath -I/usr/local/include/php -I/usr/local/include/php/main -I/usr/local/include/php/TSRM -I/usr/local/include/php/Zend -I/usr/local/include/php/ext -I/usr/local/include/php/ext/date/lib -fstack-protector-strong -fpic -fpie -O2 -D_LARGEFILE_SOURCE -D_FILE_OFFSET_BITS=64 -DHAVE_CONFIG_H -fstack-protector-strong -fpic -fpie -O2 -D_LARGEFILE_SOURCE -D_FILE_OFFSET_BITS=64 -D_GNU_SOURCE -I/usr/src/php/ext/bcmath/libbcmath/src -DZEND_ENABLE_STATIC_TSRMLS_CACHE=1 -DZEND_COMPILE_DL_EXT=1 -c /usr/src/php/ext/bcmath/libbcmath/src/raisemod.c -MMD -MF libbcmath/src/raisemod.dep -MT libbcmath/src/raisemod.lo  -fPIC -DPIC -o libbcmath/src/.libs/raisemod.o
#16 4.749 /bin/sh /usr/src/php/ext/bcmath/libtool --tag=CC --mode=compile cc -I. -I/usr/src/php/ext/bcmath -I/usr/src/php/ext/bcmath/include -I/usr/src/php/ext/bcmath/main -I/usr/src/php/ext/bcmath -I/usr/local/include/php -I/usr/local/include/php/main -I/usr/local/include/php/TSRM -I/usr/local/include/php/Zend -I/usr/local/include/php/ext -I/usr/local/include/php/ext/date/lib  -fstack-protector-strong -fpic -fpie -O2 -D_LARGEFILE_SOURCE -D_FILE_OFFSET_BITS=64 -DHAVE_CONFIG_H  -fstack-protector-strong -fpic -fpie -O2 -D_LARGEFILE_SOURCE -D_FILE_OFFSET_BITS=64 -D_GNU_SOURCE   -I/usr/src/php/ext/bcmath/libbcmath/src -DZEND_ENABLE_STATIC_TSRMLS_CACHE=1 -DZEND_COMPILE_DL_EXT=1 -c /usr/src/php/ext/bcmath/libbcmath/src/sub.c -o libbcmath/src/sub.lo  -MMD -MF libbcmath/src/sub.dep -MT libbcmath/src/sub.lo
#16 4.821  cc -I. -I/usr/src/php/ext/bcmath -I/usr/src/php/ext/bcmath/include -I/usr/src/php/ext/bcmath/main -I/usr/src/php/ext/bcmath -I/usr/local/include/php -I/usr/local/include/php/main -I/usr/local/include/php/TSRM -I/usr/local/include/php/Zend -I/usr/local/include/php/ext -I/usr/local/include/php/ext/date/lib -fstack-protector-strong -fpic -fpie -O2 -D_LARGEFILE_SOURCE -D_FILE_OFFSET_BITS=64 -DHAVE_CONFIG_H -fstack-protector-strong -fpic -fpie -O2 -D_LARGEFILE_SOURCE -D_FILE_OFFSET_BITS=64 -D_GNU_SOURCE -I/usr/src/php/ext/bcmath/libbcmath/src -DZEND_ENABLE_STATIC_TSRMLS_CACHE=1 -DZEND_COMPILE_DL_EXT=1 -c /usr/src/php/ext/bcmath/libbcmath/src/sub.c -MMD -MF libbcmath/src/sub.dep -MT libbcmath/src/sub.lo  -fPIC -DPIC -o libbcmath/src/.libs/sub.o
#16 4.928 /bin/sh /usr/src/php/ext/bcmath/libtool --tag=CC --mode=compile cc -I. -I/usr/src/php/ext/bcmath -I/usr/src/php/ext/bcmath/include -I/usr/src/php/ext/bcmath/main -I/usr/src/php/ext/bcmath -I/usr/local/include/php -I/usr/local/include/php/main -I/usr/local/include/php/TSRM -I/usr/local/include/php/Zend -I/usr/local/include/php/ext -I/usr/local/include/php/ext/date/lib  -fstack-protector-strong -fpic -fpie -O2 -D_LARGEFILE_SOURCE -D_FILE_OFFSET_BITS=64 -DHAVE_CONFIG_H  -fstack-protector-strong -fpic -fpie -O2 -D_LARGEFILE_SOURCE -D_FILE_OFFSET_BITS=64 -D_GNU_SOURCE   -I/usr/src/php/ext/bcmath/libbcmath/src -DZEND_ENABLE_STATIC_TSRMLS_CACHE=1 -DZEND_COMPILE_DL_EXT=1 -c /usr/src/php/ext/bcmath/libbcmath/src/compare.c -o libbcmath/src/compare.lo  -MMD -MF libbcmath/src/compare.dep -MT libbcmath/src/compare.lo
#16 4.999  cc -I. -I/usr/src/php/ext/bcmath -I/usr/src/php/ext/bcmath/include -I/usr/src/php/ext/bcmath/main -I/usr/src/php/ext/bcmath -I/usr/local/include/php -I/usr/local/include/php/main -I/usr/local/include/php/TSRM -I/usr/local/include/php/Zend -I/usr/local/include/php/ext -I/usr/local/include/php/ext/date/lib -fstack-protector-strong -fpic -fpie -O2 -D_LARGEFILE_SOURCE -D_FILE_OFFSET_BITS=64 -DHAVE_CONFIG_H -fstack-protector-strong -fpic -fpie -O2 -D_LARGEFILE_SOURCE -D_FILE_OFFSET_BITS=64 -D_GNU_SOURCE -I/usr/src/php/ext/bcmath/libbcmath/src -DZEND_ENABLE_STATIC_TSRMLS_CACHE=1 -DZEND_COMPILE_DL_EXT=1 -c /usr/src/php/ext/bcmath/libbcmath/src/compare.c -MMD -MF libbcmath/src/compare.dep -MT libbcmath/src/compare.lo  -fPIC -DPIC -o libbcmath/src/.libs/compare.o
#16 5.118 /bin/sh /usr/src/php/ext/bcmath/libtool --tag=CC --mode=compile cc -I. -I/usr/src/php/ext/bcmath -I/usr/src/php/ext/bcmath/include -I/usr/src/php/ext/bcmath/main -I/usr/src/php/ext/bcmath -I/usr/local/include/php -I/usr/local/include/php/main -I/usr/local/include/php/TSRM -I/usr/local/include/php/Zend -I/usr/local/include/php/ext -I/usr/local/include/php/ext/date/lib  -fstack-protector-strong -fpic -fpie -O2 -D_LARGEFILE_SOURCE -D_FILE_OFFSET_BITS=64 -DHAVE_CONFIG_H  -fstack-protector-strong -fpic -fpie -O2 -D_LARGEFILE_SOURCE -D_FILE_OFFSET_BITS=64 -D_GNU_SOURCE   -I/usr/src/php/ext/bcmath/libbcmath/src -DZEND_ENABLE_STATIC_TSRMLS_CACHE=1 -DZEND_COMPILE_DL_EXT=1 -c /usr/src/php/ext/bcmath/libbcmath/src/divmod.c -o libbcmath/src/divmod.lo  -MMD -MF libbcmath/src/divmod.dep -MT libbcmath/src/divmod.lo
#16 5.190  cc -I. -I/usr/src/php/ext/bcmath -I/usr/src/php/ext/bcmath/include -I/usr/src/php/ext/bcmath/main -I/usr/src/php/ext/bcmath -I/usr/local/include/php -I/usr/local/include/php/main -I/usr/local/include/php/TSRM -I/usr/local/include/php/Zend -I/usr/local/include/php/ext -I/usr/local/include/php/ext/date/lib -fstack-protector-strong -fpic -fpie -O2 -D_LARGEFILE_SOURCE -D_FILE_OFFSET_BITS=64 -DHAVE_CONFIG_H -fstack-protector-strong -fpic -fpie -O2 -D_LARGEFILE_SOURCE -D_FILE_OFFSET_BITS=64 -D_GNU_SOURCE -I/usr/src/php/ext/bcmath/libbcmath/src -DZEND_ENABLE_STATIC_TSRMLS_CACHE=1 -DZEND_COMPILE_DL_EXT=1 -c /usr/src/php/ext/bcmath/libbcmath/src/divmod.c -MMD -MF libbcmath/src/divmod.dep -MT libbcmath/src/divmod.lo  -fPIC -DPIC -o libbcmath/src/.libs/divmod.o
#16 5.298 /bin/sh /usr/src/php/ext/bcmath/libtool --tag=CC --mode=compile cc -I. -I/usr/src/php/ext/bcmath -I/usr/src/php/ext/bcmath/include -I/usr/src/php/ext/bcmath/main -I/usr/src/php/ext/bcmath -I/usr/local/include/php -I/usr/local/include/php/main -I/usr/local/include/php/TSRM -I/usr/local/include/php/Zend -I/usr/local/include/php/ext -I/usr/local/include/php/ext/date/lib  -fstack-protector-strong -fpic -fpie -O2 -D_LARGEFILE_SOURCE -D_FILE_OFFSET_BITS=64 -DHAVE_CONFIG_H  -fstack-protector-strong -fpic -fpie -O2 -D_LARGEFILE_SOURCE -D_FILE_OFFSET_BITS=64 -D_GNU_SOURCE   -I/usr/src/php/ext/bcmath/libbcmath/src -DZEND_ENABLE_STATIC_TSRMLS_CACHE=1 -DZEND_COMPILE_DL_EXT=1 -c /usr/src/php/ext/bcmath/libbcmath/src/int2num.c -o libbcmath/src/int2num.lo  -MMD -MF libbcmath/src/int2num.dep -MT libbcmath/src/int2num.lo
#16 5.382  cc -I. -I/usr/src/php/ext/bcmath -I/usr/src/php/ext/bcmath/include -I/usr/src/php/ext/bcmath/main -I/usr/src/php/ext/bcmath -I/usr/local/include/php -I/usr/local/include/php/main -I/usr/local/include/php/TSRM -I/usr/local/include/php/Zend -I/usr/local/include/php/ext -I/usr/local/include/php/ext/date/lib -fstack-protector-strong -fpic -fpie -O2 -D_LARGEFILE_SOURCE -D_FILE_OFFSET_BITS=64 -DHAVE_CONFIG_H -fstack-protector-strong -fpic -fpie -O2 -D_LARGEFILE_SOURCE -D_FILE_OFFSET_BITS=64 -D_GNU_SOURCE -I/usr/src/php/ext/bcmath/libbcmath/src -DZEND_ENABLE_STATIC_TSRMLS_CACHE=1 -DZEND_COMPILE_DL_EXT=1 -c /usr/src/php/ext/bcmath/libbcmath/src/int2num.c -MMD -MF libbcmath/src/int2num.dep -MT libbcmath/src/int2num.lo  -fPIC -DPIC -o libbcmath/src/.libs/int2num.o
#16 5.508 /bin/sh /usr/src/php/ext/bcmath/libtool --tag=CC --mode=compile cc -I. -I/usr/src/php/ext/bcmath -I/usr/src/php/ext/bcmath/include -I/usr/src/php/ext/bcmath/main -I/usr/src/php/ext/bcmath -I/usr/local/include/php -I/usr/local/include/php/main -I/usr/local/include/php/TSRM -I/usr/local/include/php/Zend -I/usr/local/include/php/ext -I/usr/local/include/php/ext/date/lib  -fstack-protector-strong -fpic -fpie -O2 -D_LARGEFILE_SOURCE -D_FILE_OFFSET_BITS=64 -DHAVE_CONFIG_H  -fstack-protector-strong -fpic -fpie -O2 -D_LARGEFILE_SOURCE -D_FILE_OFFSET_BITS=64 -D_GNU_SOURCE   -I/usr/src/php/ext/bcmath/libbcmath/src -DZEND_ENABLE_STATIC_TSRMLS_CACHE=1 -DZEND_COMPILE_DL_EXT=1 -c /usr/src/php/ext/bcmath/libbcmath/src/num2long.c -o libbcmath/src/num2long.lo  -MMD -MF libbcmath/src/num2long.dep -MT libbcmath/src/num2long.lo
#16 5.584  cc -I. -I/usr/src/php/ext/bcmath -I/usr/src/php/ext/bcmath/include -I/usr/src/php/ext/bcmath/main -I/usr/src/php/ext/bcmath -I/usr/local/include/php -I/usr/local/include/php/main -I/usr/local/include/php/TSRM -I/usr/local/include/php/Zend -I/usr/local/include/php/ext -I/usr/local/include/php/ext/date/lib -fstack-protector-strong -fpic -fpie -O2 -D_LARGEFILE_SOURCE -D_FILE_OFFSET_BITS=64 -DHAVE_CONFIG_H -fstack-protector-strong -fpic -fpie -O2 -D_LARGEFILE_SOURCE -D_FILE_OFFSET_BITS=64 -D_GNU_SOURCE -I/usr/src/php/ext/bcmath/libbcmath/src -DZEND_ENABLE_STATIC_TSRMLS_CACHE=1 -DZEND_COMPILE_DL_EXT=1 -c /usr/src/php/ext/bcmath/libbcmath/src/num2long.c -MMD -MF libbcmath/src/num2long.dep -MT libbcmath/src/num2long.lo  -fPIC -DPIC -o libbcmath/src/.libs/num2long.o
#16 5.693 /bin/sh /usr/src/php/ext/bcmath/libtool --tag=CC --mode=compile cc -I. -I/usr/src/php/ext/bcmath -I/usr/src/php/ext/bcmath/include -I/usr/src/php/ext/bcmath/main -I/usr/src/php/ext/bcmath -I/usr/local/include/php -I/usr/local/include/php/main -I/usr/local/include/php/TSRM -I/usr/local/include/php/Zend -I/usr/local/include/php/ext -I/usr/local/include/php/ext/date/lib  -fstack-protector-strong -fpic -fpie -O2 -D_LARGEFILE_SOURCE -D_FILE_OFFSET_BITS=64 -DHAVE_CONFIG_H  -fstack-protector-strong -fpic -fpie -O2 -D_LARGEFILE_SOURCE -D_FILE_OFFSET_BITS=64 -D_GNU_SOURCE   -I/usr/src/php/ext/bcmath/libbcmath/src -DZEND_ENABLE_STATIC_TSRMLS_CACHE=1 -DZEND_COMPILE_DL_EXT=1 -c /usr/src/php/ext/bcmath/libbcmath/src/output.c -o libbcmath/src/output.lo  -MMD -MF libbcmath/src/output.dep -MT libbcmath/src/output.lo
#16 5.770  cc -I. -I/usr/src/php/ext/bcmath -I/usr/src/php/ext/bcmath/include -I/usr/src/php/ext/bcmath/main -I/usr/src/php/ext/bcmath -I/usr/local/include/php -I/usr/local/include/php/main -I/usr/local/include/php/TSRM -I/usr/local/include/php/Zend -I/usr/local/include/php/ext -I/usr/local/include/php/ext/date/lib -fstack-protector-strong -fpic -fpie -O2 -D_LARGEFILE_SOURCE -D_FILE_OFFSET_BITS=64 -DHAVE_CONFIG_H -fstack-protector-strong -fpic -fpie -O2 -D_LARGEFILE_SOURCE -D_FILE_OFFSET_BITS=64 -D_GNU_SOURCE -I/usr/src/php/ext/bcmath/libbcmath/src -DZEND_ENABLE_STATIC_TSRMLS_CACHE=1 -DZEND_COMPILE_DL_EXT=1 -c /usr/src/php/ext/bcmath/libbcmath/src/output.c -MMD -MF libbcmath/src/output.dep -MT libbcmath/src/output.lo  -fPIC -DPIC -o libbcmath/src/.libs/output.o
#16 5.900 /bin/sh /usr/src/php/ext/bcmath/libtool --tag=CC --mode=compile cc -I. -I/usr/src/php/ext/bcmath -I/usr/src/php/ext/bcmath/include -I/usr/src/php/ext/bcmath/main -I/usr/src/php/ext/bcmath -I/usr/local/include/php -I/usr/local/include/php/main -I/usr/local/include/php/TSRM -I/usr/local/include/php/Zend -I/usr/local/include/php/ext -I/usr/local/include/php/ext/date/lib  -fstack-protector-strong -fpic -fpie -O2 -D_LARGEFILE_SOURCE -D_FILE_OFFSET_BITS=64 -DHAVE_CONFIG_H  -fstack-protector-strong -fpic -fpie -O2 -D_LARGEFILE_SOURCE -D_FILE_OFFSET_BITS=64 -D_GNU_SOURCE   -I/usr/src/php/ext/bcmath/libbcmath/src -DZEND_ENABLE_STATIC_TSRMLS_CACHE=1 -DZEND_COMPILE_DL_EXT=1 -c /usr/src/php/ext/bcmath/libbcmath/src/recmul.c -o libbcmath/src/recmul.lo  -MMD -MF libbcmath/src/recmul.dep -MT libbcmath/src/recmul.lo
#16 5.976  cc -I. -I/usr/src/php/ext/bcmath -I/usr/src/php/ext/bcmath/include -I/usr/src/php/ext/bcmath/main -I/usr/src/php/ext/bcmath -I/usr/local/include/php -I/usr/local/include/php/main -I/usr/local/include/php/TSRM -I/usr/local/include/php/Zend -I/usr/local/include/php/ext -I/usr/local/include/php/ext/date/lib -fstack-protector-strong -fpic -fpie -O2 -D_LARGEFILE_SOURCE -D_FILE_OFFSET_BITS=64 -DHAVE_CONFIG_H -fstack-protector-strong -fpic -fpie -O2 -D_LARGEFILE_SOURCE -D_FILE_OFFSET_BITS=64 -D_GNU_SOURCE -I/usr/src/php/ext/bcmath/libbcmath/src -DZEND_ENABLE_STATIC_TSRMLS_CACHE=1 -DZEND_COMPILE_DL_EXT=1 -c /usr/src/php/ext/bcmath/libbcmath/src/recmul.c -MMD -MF libbcmath/src/recmul.dep -MT libbcmath/src/recmul.lo  -fPIC -DPIC -o libbcmath/src/.libs/recmul.o
#16 6.135 /bin/sh /usr/src/php/ext/bcmath/libtool --tag=CC --mode=compile cc -I. -I/usr/src/php/ext/bcmath -I/usr/src/php/ext/bcmath/include -I/usr/src/php/ext/bcmath/main -I/usr/src/php/ext/bcmath -I/usr/local/include/php -I/usr/local/include/php/main -I/usr/local/include/php/TSRM -I/usr/local/include/php/Zend -I/usr/local/include/php/ext -I/usr/local/include/php/ext/date/lib  -fstack-protector-strong -fpic -fpie -O2 -D_LARGEFILE_SOURCE -D_FILE_OFFSET_BITS=64 -DHAVE_CONFIG_H  -fstack-protector-strong -fpic -fpie -O2 -D_LARGEFILE_SOURCE -D_FILE_OFFSET_BITS=64 -D_GNU_SOURCE   -I/usr/src/php/ext/bcmath/libbcmath/src -DZEND_ENABLE_STATIC_TSRMLS_CACHE=1 -DZEND_COMPILE_DL_EXT=1 -c /usr/src/php/ext/bcmath/libbcmath/src/sqrt.c -o libbcmath/src/sqrt.lo  -MMD -MF libbcmath/src/sqrt.dep -MT libbcmath/src/sqrt.lo
#16 6.209  cc -I. -I/usr/src/php/ext/bcmath -I/usr/src/php/ext/bcmath/include -I/usr/src/php/ext/bcmath/main -I/usr/src/php/ext/bcmath -I/usr/local/include/php -I/usr/local/include/php/main -I/usr/local/include/php/TSRM -I/usr/local/include/php/Zend -I/usr/local/include/php/ext -I/usr/local/include/php/ext/date/lib -fstack-protector-strong -fpic -fpie -O2 -D_LARGEFILE_SOURCE -D_FILE_OFFSET_BITS=64 -DHAVE_CONFIG_H -fstack-protector-strong -fpic -fpie -O2 -D_LARGEFILE_SOURCE -D_FILE_OFFSET_BITS=64 -D_GNU_SOURCE -I/usr/src/php/ext/bcmath/libbcmath/src -DZEND_ENABLE_STATIC_TSRMLS_CACHE=1 -DZEND_COMPILE_DL_EXT=1 -c /usr/src/php/ext/bcmath/libbcmath/src/sqrt.c -MMD -MF libbcmath/src/sqrt.dep -MT libbcmath/src/sqrt.lo  -fPIC -DPIC -o libbcmath/src/.libs/sqrt.o
#16 6.321 /bin/sh /usr/src/php/ext/bcmath/libtool --tag=CC --mode=compile cc -I. -I/usr/src/php/ext/bcmath -I/usr/src/php/ext/bcmath/include -I/usr/src/php/ext/bcmath/main -I/usr/src/php/ext/bcmath -I/usr/local/include/php -I/usr/local/include/php/main -I/usr/local/include/php/TSRM -I/usr/local/include/php/Zend -I/usr/local/include/php/ext -I/usr/local/include/php/ext/date/lib  -fstack-protector-strong -fpic -fpie -O2 -D_LARGEFILE_SOURCE -D_FILE_OFFSET_BITS=64 -DHAVE_CONFIG_H  -fstack-protector-strong -fpic -fpie -O2 -D_LARGEFILE_SOURCE -D_FILE_OFFSET_BITS=64 -D_GNU_SOURCE   -I/usr/src/php/ext/bcmath/libbcmath/src -DZEND_ENABLE_STATIC_TSRMLS_CACHE=1 -DZEND_COMPILE_DL_EXT=1 -c /usr/src/php/ext/bcmath/libbcmath/src/zero.c -o libbcmath/src/zero.lo  -MMD -MF libbcmath/src/zero.dep -MT libbcmath/src/zero.lo
#16 6.393  cc -I. -I/usr/src/php/ext/bcmath -I/usr/src/php/ext/bcmath/include -I/usr/src/php/ext/bcmath/main -I/usr/src/php/ext/bcmath -I/usr/local/include/php -I/usr/local/include/php/main -I/usr/local/include/php/TSRM -I/usr/local/include/php/Zend -I/usr/local/include/php/ext -I/usr/local/include/php/ext/date/lib -fstack-protector-strong -fpic -fpie -O2 -D_LARGEFILE_SOURCE -D_FILE_OFFSET_BITS=64 -DHAVE_CONFIG_H -fstack-protector-strong -fpic -fpie -O2 -D_LARGEFILE_SOURCE -D_FILE_OFFSET_BITS=64 -D_GNU_SOURCE -I/usr/src/php/ext/bcmath/libbcmath/src -DZEND_ENABLE_STATIC_TSRMLS_CACHE=1 -DZEND_COMPILE_DL_EXT=1 -c /usr/src/php/ext/bcmath/libbcmath/src/zero.c -MMD -MF libbcmath/src/zero.dep -MT libbcmath/src/zero.lo  -fPIC -DPIC -o libbcmath/src/.libs/zero.o
#16 6.517 /bin/sh /usr/src/php/ext/bcmath/libtool --tag=CC --mode=compile cc -I. -I/usr/src/php/ext/bcmath -I/usr/src/php/ext/bcmath/include -I/usr/src/php/ext/bcmath/main -I/usr/src/php/ext/bcmath -I/usr/local/include/php -I/usr/local/include/php/main -I/usr/local/include/php/TSRM -I/usr/local/include/php/Zend -I/usr/local/include/php/ext -I/usr/local/include/php/ext/date/lib  -fstack-protector-strong -fpic -fpie -O2 -D_LARGEFILE_SOURCE -D_FILE_OFFSET_BITS=64 -DHAVE_CONFIG_H  -fstack-protector-strong -fpic -fpie -O2 -D_LARGEFILE_SOURCE -D_FILE_OFFSET_BITS=64 -D_GNU_SOURCE   -I/usr/src/php/ext/bcmath/libbcmath/src -DZEND_ENABLE_STATIC_TSRMLS_CACHE=1 -DZEND_COMPILE_DL_EXT=1 -c /usr/src/php/ext/bcmath/libbcmath/src/debug.c -o libbcmath/src/debug.lo  -MMD -MF libbcmath/src/debug.dep -MT libbcmath/src/debug.lo
#16 6.592  cc -I. -I/usr/src/php/ext/bcmath -I/usr/src/php/ext/bcmath/include -I/usr/src/php/ext/bcmath/main -I/usr/src/php/ext/bcmath -I/usr/local/include/php -I/usr/local/include/php/main -I/usr/local/include/php/TSRM -I/usr/local/include/php/Zend -I/usr/local/include/php/ext -I/usr/local/include/php/ext/date/lib -fstack-protector-strong -fpic -fpie -O2 -D_LARGEFILE_SOURCE -D_FILE_OFFSET_BITS=64 -DHAVE_CONFIG_H -fstack-protector-strong -fpic -fpie -O2 -D_LARGEFILE_SOURCE -D_FILE_OFFSET_BITS=64 -D_GNU_SOURCE -I/usr/src/php/ext/bcmath/libbcmath/src -DZEND_ENABLE_STATIC_TSRMLS_CACHE=1 -DZEND_COMPILE_DL_EXT=1 -c /usr/src/php/ext/bcmath/libbcmath/src/debug.c -MMD -MF libbcmath/src/debug.dep -MT libbcmath/src/debug.lo  -fPIC -DPIC -o libbcmath/src/.libs/debug.o
#16 6.709 /bin/sh /usr/src/php/ext/bcmath/libtool --tag=CC --mode=compile cc -I. -I/usr/src/php/ext/bcmath -I/usr/src/php/ext/bcmath/include -I/usr/src/php/ext/bcmath/main -I/usr/src/php/ext/bcmath -I/usr/local/include/php -I/usr/local/include/php/main -I/usr/local/include/php/TSRM -I/usr/local/include/php/Zend -I/usr/local/include/php/ext -I/usr/local/include/php/ext/date/lib  -fstack-protector-strong -fpic -fpie -O2 -D_LARGEFILE_SOURCE -D_FILE_OFFSET_BITS=64 -DHAVE_CONFIG_H  -fstack-protector-strong -fpic -fpie -O2 -D_LARGEFILE_SOURCE -D_FILE_OFFSET_BITS=64 -D_GNU_SOURCE   -I/usr/src/php/ext/bcmath/libbcmath/src -DZEND_ENABLE_STATIC_TSRMLS_CACHE=1 -DZEND_COMPILE_DL_EXT=1 -c /usr/src/php/ext/bcmath/libbcmath/src/doaddsub.c -o libbcmath/src/doaddsub.lo  -MMD -MF libbcmath/src/doaddsub.dep -MT libbcmath/src/doaddsub.lo
#16 6.791  cc -I. -I/usr/src/php/ext/bcmath -I/usr/src/php/ext/bcmath/include -I/usr/src/php/ext/bcmath/main -I/usr/src/php/ext/bcmath -I/usr/local/include/php -I/usr/local/include/php/main -I/usr/local/include/php/TSRM -I/usr/local/include/php/Zend -I/usr/local/include/php/ext -I/usr/local/include/php/ext/date/lib -fstack-protector-strong -fpic -fpie -O2 -D_LARGEFILE_SOURCE -D_FILE_OFFSET_BITS=64 -DHAVE_CONFIG_H -fstack-protector-strong -fpic -fpie -O2 -D_LARGEFILE_SOURCE -D_FILE_OFFSET_BITS=64 -D_GNU_SOURCE -I/usr/src/php/ext/bcmath/libbcmath/src -DZEND_ENABLE_STATIC_TSRMLS_CACHE=1 -DZEND_COMPILE_DL_EXT=1 -c /usr/src/php/ext/bcmath/libbcmath/src/doaddsub.c -MMD -MF libbcmath/src/doaddsub.dep -MT libbcmath/src/doaddsub.lo  -fPIC -DPIC -o libbcmath/src/.libs/doaddsub.o
#16 6.938 /bin/sh /usr/src/php/ext/bcmath/libtool --tag=CC --mode=compile cc -I. -I/usr/src/php/ext/bcmath -I/usr/src/php/ext/bcmath/include -I/usr/src/php/ext/bcmath/main -I/usr/src/php/ext/bcmath -I/usr/local/include/php -I/usr/local/include/php/main -I/usr/local/include/php/TSRM -I/usr/local/include/php/Zend -I/usr/local/include/php/ext -I/usr/local/include/php/ext/date/lib  -fstack-protector-strong -fpic -fpie -O2 -D_LARGEFILE_SOURCE -D_FILE_OFFSET_BITS=64 -DHAVE_CONFIG_H  -fstack-protector-strong -fpic -fpie -O2 -D_LARGEFILE_SOURCE -D_FILE_OFFSET_BITS=64 -D_GNU_SOURCE   -I/usr/src/php/ext/bcmath/libbcmath/src -DZEND_ENABLE_STATIC_TSRMLS_CACHE=1 -DZEND_COMPILE_DL_EXT=1 -c /usr/src/php/ext/bcmath/libbcmath/src/nearzero.c -o libbcmath/src/nearzero.lo  -MMD -MF libbcmath/src/nearzero.dep -MT libbcmath/src/nearzero.lo
#16 7.012  cc -I. -I/usr/src/php/ext/bcmath -I/usr/src/php/ext/bcmath/include -I/usr/src/php/ext/bcmath/main -I/usr/src/php/ext/bcmath -I/usr/local/include/php -I/usr/local/include/php/main -I/usr/local/include/php/TSRM -I/usr/local/include/php/Zend -I/usr/local/include/php/ext -I/usr/local/include/php/ext/date/lib -fstack-protector-strong -fpic -fpie -O2 -D_LARGEFILE_SOURCE -D_FILE_OFFSET_BITS=64 -DHAVE_CONFIG_H -fstack-protector-strong -fpic -fpie -O2 -D_LARGEFILE_SOURCE -D_FILE_OFFSET_BITS=64 -D_GNU_SOURCE -I/usr/src/php/ext/bcmath/libbcmath/src -DZEND_ENABLE_STATIC_TSRMLS_CACHE=1 -DZEND_COMPILE_DL_EXT=1 -c /usr/src/php/ext/bcmath/libbcmath/src/nearzero.c -MMD -MF libbcmath/src/nearzero.dep -MT libbcmath/src/nearzero.lo  -fPIC -DPIC -o libbcmath/src/.libs/nearzero.o
#16 7.122 /bin/sh /usr/src/php/ext/bcmath/libtool --tag=CC --mode=compile cc -I. -I/usr/src/php/ext/bcmath -I/usr/src/php/ext/bcmath/include -I/usr/src/php/ext/bcmath/main -I/usr/src/php/ext/bcmath -I/usr/local/include/php -I/usr/local/include/php/main -I/usr/local/include/php/TSRM -I/usr/local/include/php/Zend -I/usr/local/include/php/ext -I/usr/local/include/php/ext/date/lib  -fstack-protector-strong -fpic -fpie -O2 -D_LARGEFILE_SOURCE -D_FILE_OFFSET_BITS=64 -DHAVE_CONFIG_H  -fstack-protector-strong -fpic -fpie -O2 -D_LARGEFILE_SOURCE -D_FILE_OFFSET_BITS=64 -D_GNU_SOURCE   -I/usr/src/php/ext/bcmath/libbcmath/src -DZEND_ENABLE_STATIC_TSRMLS_CACHE=1 -DZEND_COMPILE_DL_EXT=1 -c /usr/src/php/ext/bcmath/libbcmath/src/num2str.c -o libbcmath/src/num2str.lo  -MMD -MF libbcmath/src/num2str.dep -MT libbcmath/src/num2str.lo
#16 7.203  cc -I. -I/usr/src/php/ext/bcmath -I/usr/src/php/ext/bcmath/include -I/usr/src/php/ext/bcmath/main -I/usr/src/php/ext/bcmath -I/usr/local/include/php -I/usr/local/include/php/main -I/usr/local/include/php/TSRM -I/usr/local/include/php/Zend -I/usr/local/include/php/ext -I/usr/local/include/php/ext/date/lib -fstack-protector-strong -fpic -fpie -O2 -D_LARGEFILE_SOURCE -D_FILE_OFFSET_BITS=64 -DHAVE_CONFIG_H -fstack-protector-strong -fpic -fpie -O2 -D_LARGEFILE_SOURCE -D_FILE_OFFSET_BITS=64 -D_GNU_SOURCE -I/usr/src/php/ext/bcmath/libbcmath/src -DZEND_ENABLE_STATIC_TSRMLS_CACHE=1 -DZEND_COMPILE_DL_EXT=1 -c /usr/src/php/ext/bcmath/libbcmath/src/num2str.c -MMD -MF libbcmath/src/num2str.dep -MT libbcmath/src/num2str.lo  -fPIC -DPIC -o libbcmath/src/.libs/num2str.o
#16 7.339 /bin/sh /usr/src/php/ext/bcmath/libtool --tag=CC --mode=compile cc -I. -I/usr/src/php/ext/bcmath -I/usr/src/php/ext/bcmath/include -I/usr/src/php/ext/bcmath/main -I/usr/src/php/ext/bcmath -I/usr/local/include/php -I/usr/local/include/php/main -I/usr/local/include/php/TSRM -I/usr/local/include/php/Zend -I/usr/local/include/php/ext -I/usr/local/include/php/ext/date/lib  -fstack-protector-strong -fpic -fpie -O2 -D_LARGEFILE_SOURCE -D_FILE_OFFSET_BITS=64 -DHAVE_CONFIG_H  -fstack-protector-strong -fpic -fpie -O2 -D_LARGEFILE_SOURCE -D_FILE_OFFSET_BITS=64 -D_GNU_SOURCE   -I/usr/src/php/ext/bcmath/libbcmath/src -DZEND_ENABLE_STATIC_TSRMLS_CACHE=1 -DZEND_COMPILE_DL_EXT=1 -c /usr/src/php/ext/bcmath/libbcmath/src/raise.c -o libbcmath/src/raise.lo  -MMD -MF libbcmath/src/raise.dep -MT libbcmath/src/raise.lo
#16 7.419  cc -I. -I/usr/src/php/ext/bcmath -I/usr/src/php/ext/bcmath/include -I/usr/src/php/ext/bcmath/main -I/usr/src/php/ext/bcmath -I/usr/local/include/php -I/usr/local/include/php/main -I/usr/local/include/php/TSRM -I/usr/local/include/php/Zend -I/usr/local/include/php/ext -I/usr/local/include/php/ext/date/lib -fstack-protector-strong -fpic -fpie -O2 -D_LARGEFILE_SOURCE -D_FILE_OFFSET_BITS=64 -DHAVE_CONFIG_H -fstack-protector-strong -fpic -fpie -O2 -D_LARGEFILE_SOURCE -D_FILE_OFFSET_BITS=64 -D_GNU_SOURCE -I/usr/src/php/ext/bcmath/libbcmath/src -DZEND_ENABLE_STATIC_TSRMLS_CACHE=1 -DZEND_COMPILE_DL_EXT=1 -c /usr/src/php/ext/bcmath/libbcmath/src/raise.c -MMD -MF libbcmath/src/raise.dep -MT libbcmath/src/raise.lo  -fPIC -DPIC -o libbcmath/src/.libs/raise.o
#16 7.562 /bin/sh /usr/src/php/ext/bcmath/libtool --tag=CC --mode=compile cc -I. -I/usr/src/php/ext/bcmath -I/usr/src/php/ext/bcmath/include -I/usr/src/php/ext/bcmath/main -I/usr/src/php/ext/bcmath -I/usr/local/include/php -I/usr/local/include/php/main -I/usr/local/include/php/TSRM -I/usr/local/include/php/Zend -I/usr/local/include/php/ext -I/usr/local/include/php/ext/date/lib  -fstack-protector-strong -fpic -fpie -O2 -D_LARGEFILE_SOURCE -D_FILE_OFFSET_BITS=64 -DHAVE_CONFIG_H  -fstack-protector-strong -fpic -fpie -O2 -D_LARGEFILE_SOURCE -D_FILE_OFFSET_BITS=64 -D_GNU_SOURCE   -I/usr/src/php/ext/bcmath/libbcmath/src -DZEND_ENABLE_STATIC_TSRMLS_CACHE=1 -DZEND_COMPILE_DL_EXT=1 -c /usr/src/php/ext/bcmath/libbcmath/src/rmzero.c -o libbcmath/src/rmzero.lo  -MMD -MF libbcmath/src/rmzero.dep -MT libbcmath/src/rmzero.lo
#16 7.643  cc -I. -I/usr/src/php/ext/bcmath -I/usr/src/php/ext/bcmath/include -I/usr/src/php/ext/bcmath/main -I/usr/src/php/ext/bcmath -I/usr/local/include/php -I/usr/local/include/php/main -I/usr/local/include/php/TSRM -I/usr/local/include/php/Zend -I/usr/local/include/php/ext -I/usr/local/include/php/ext/date/lib -fstack-protector-strong -fpic -fpie -O2 -D_LARGEFILE_SOURCE -D_FILE_OFFSET_BITS=64 -DHAVE_CONFIG_H -fstack-protector-strong -fpic -fpie -O2 -D_LARGEFILE_SOURCE -D_FILE_OFFSET_BITS=64 -D_GNU_SOURCE -I/usr/src/php/ext/bcmath/libbcmath/src -DZEND_ENABLE_STATIC_TSRMLS_CACHE=1 -DZEND_COMPILE_DL_EXT=1 -c /usr/src/php/ext/bcmath/libbcmath/src/rmzero.c -MMD -MF libbcmath/src/rmzero.dep -MT libbcmath/src/rmzero.lo  -fPIC -DPIC -o libbcmath/src/.libs/rmzero.o
#16 7.753 /bin/sh /usr/src/php/ext/bcmath/libtool --tag=CC --mode=compile cc -I. -I/usr/src/php/ext/bcmath -I/usr/src/php/ext/bcmath/include -I/usr/src/php/ext/bcmath/main -I/usr/src/php/ext/bcmath -I/usr/local/include/php -I/usr/local/include/php/main -I/usr/local/include/php/TSRM -I/usr/local/include/php/Zend -I/usr/local/include/php/ext -I/usr/local/include/php/ext/date/lib  -fstack-protector-strong -fpic -fpie -O2 -D_LARGEFILE_SOURCE -D_FILE_OFFSET_BITS=64 -DHAVE_CONFIG_H  -fstack-protector-strong -fpic -fpie -O2 -D_LARGEFILE_SOURCE -D_FILE_OFFSET_BITS=64 -D_GNU_SOURCE   -I/usr/src/php/ext/bcmath/libbcmath/src -DZEND_ENABLE_STATIC_TSRMLS_CACHE=1 -DZEND_COMPILE_DL_EXT=1 -c /usr/src/php/ext/bcmath/libbcmath/src/str2num.c -o libbcmath/src/str2num.lo  -MMD -MF libbcmath/src/str2num.dep -MT libbcmath/src/str2num.lo
#16 7.833  cc -I. -I/usr/src/php/ext/bcmath -I/usr/src/php/ext/bcmath/include -I/usr/src/php/ext/bcmath/main -I/usr/src/php/ext/bcmath -I/usr/local/include/php -I/usr/local/include/php/main -I/usr/local/include/php/TSRM -I/usr/local/include/php/Zend -I/usr/local/include/php/ext -I/usr/local/include/php/ext/date/lib -fstack-protector-strong -fpic -fpie -O2 -D_LARGEFILE_SOURCE -D_FILE_OFFSET_BITS=64 -DHAVE_CONFIG_H -fstack-protector-strong -fpic -fpie -O2 -D_LARGEFILE_SOURCE -D_FILE_OFFSET_BITS=64 -D_GNU_SOURCE -I/usr/src/php/ext/bcmath/libbcmath/src -DZEND_ENABLE_STATIC_TSRMLS_CACHE=1 -DZEND_COMPILE_DL_EXT=1 -c /usr/src/php/ext/bcmath/libbcmath/src/str2num.c -MMD -MF libbcmath/src/str2num.dep -MT libbcmath/src/str2num.lo  -fPIC -DPIC -o libbcmath/src/.libs/str2num.o
#16 7.969 /bin/sh /usr/src/php/ext/bcmath/libtool --tag=CC --mode=link cc -shared -I/usr/src/php/ext/bcmath/include -I/usr/src/php/ext/bcmath/main -I/usr/src/php/ext/bcmath -I/usr/local/include/php -I/usr/local/include/php/main -I/usr/local/include/php/TSRM -I/usr/local/include/php/Zend -I/usr/local/include/php/ext -I/usr/local/include/php/ext/date/lib  -fstack-protector-strong -fpic -fpie -O2 -D_LARGEFILE_SOURCE -D_FILE_OFFSET_BITS=64 -DHAVE_CONFIG_H  -fstack-protector-strong -fpic -fpie -O2 -D_LARGEFILE_SOURCE -D_FILE_OFFSET_BITS=64 -D_GNU_SOURCE  -Wl,-O1 -pie  -o bcmath.la -export-dynamic -avoid-version -prefer-pic -module -rpath /usr/src/php/ext/bcmath/modules  bcmath.lo libbcmath/src/add.lo libbcmath/src/div.lo libbcmath/src/init.lo libbcmath/src/neg.lo libbcmath/src/raisemod.lo libbcmath/src/sub.lo libbcmath/src/compare.lo libbcmath/src/divmod.lo libbcmath/src/int2num.lo libbcmath/src/num2long.lo libbcmath/src/output.lo libbcmath/src/recmul.lo libbcmath/src/sqrt.lo libbcmath/src/zero.lo libbcmath/src/debug.lo libbcmath/src/doaddsub.lo libbcmath/src/nearzero.lo libbcmath/src/num2str.lo libbcmath/src/raise.lo libbcmath/src/rmzero.lo libbcmath/src/str2num.lo 
#16 8.109 cc -shared  .libs/bcmath.o libbcmath/src/.libs/add.o libbcmath/src/.libs/div.o libbcmath/src/.libs/init.o libbcmath/src/.libs/neg.o libbcmath/src/.libs/raisemod.o libbcmath/src/.libs/sub.o libbcmath/src/.libs/compare.o libbcmath/src/.libs/divmod.o libbcmath/src/.libs/int2num.o libbcmath/src/.libs/num2long.o libbcmath/src/.libs/output.o libbcmath/src/.libs/recmul.o libbcmath/src/.libs/sqrt.o libbcmath/src/.libs/zero.o libbcmath/src/.libs/debug.o libbcmath/src/.libs/doaddsub.o libbcmath/src/.libs/nearzero.o libbcmath/src/.libs/num2str.o libbcmath/src/.libs/raise.o libbcmath/src/.libs/rmzero.o libbcmath/src/.libs/str2num.o   -Wl,-O1 -Wl,-soname -Wl,bcmath.so -o .libs/bcmath.so
#16 8.125 creating bcmath.la
#16 8.130 (cd .libs && rm -f bcmath.la && ln -s ../bcmath.la bcmath.la)
#16 8.132 /bin/sh /usr/src/php/ext/bcmath/libtool --tag=CC --mode=install cp ./bcmath.la /usr/src/php/ext/bcmath/modules
#16 8.154 cp ./.libs/bcmath.so /usr/src/php/ext/bcmath/modules/bcmath.so
#16 8.157 cp ./.libs/bcmath.lai /usr/src/php/ext/bcmath/modules/bcmath.la
#16 8.174 PATH="$PATH:/sbin" ldconfig -n /usr/src/php/ext/bcmath/modules
#16 8.177 ----------------------------------------------------------------------
#16 8.177 Libraries have been installed in:
#16 8.177    /usr/src/php/ext/bcmath/modules
#16 8.177 
#16 8.177 If you ever happen to want to link against installed libraries
#16 8.177 in a given directory, LIBDIR, you must either use libtool, and
#16 8.177 specify the full pathname of the library, or use the `-LLIBDIR'
#16 8.177 flag during linking and do at least one of the following:
#16 8.177    - add LIBDIR to the `LD_LIBRARY_PATH' environment variable
#16 8.177      during execution
#16 8.177    - add LIBDIR to the `LD_RUN_PATH' environment variable
#16 8.177      during linking
#16 8.177    - use the `-Wl,--rpath -Wl,LIBDIR' linker flag
#16 8.177    - have your system administrator add LIBDIR to `/etc/ld.so.conf'
#16 8.177 
#16 8.177 See any operating system documentation about shared libraries for
#16 8.177 more information, such as the ld(1) and ld.so(8) manual pages.
#16 8.179 ----------------------------------------------------------------------
#16 8.180 
#16 8.181 Build complete.
#16 8.183 Don't forget to run 'make test'.
#16 8.184 
#16 8.197 + strip --strip-all modules/bcmath.so
#16 8.231 Installing shared extensions:     /usr/local/lib/php/extensions/no-debug-non-zts-20220829/
#16 8.308 find . -name \*.gcno -o -name \*.gcda | xargs rm -f
#16 8.311 find . -name \*.lo -o -name \*.o -o -name \*.dep | xargs rm -f
#16 8.315 find . -name \*.la -o -name \*.a | xargs rm -f
#16 8.318 find . -name \*.so | xargs rm -f
#16 8.321 find . -name .libs -a -type d|xargs rm -rf
#16 8.325 rm -f libphp.la      modules/* libs/*
#16 8.326 rm -f ext/opcache/jit/zend_jit_x86.c
#16 8.327 rm -f ext/opcache/jit/zend_jit_arm64.c
#16 8.328 rm -f ext/opcache/minilua
#16 9.121 ./composer.json has been updated
#16 9.142 Running composer update drupal/odm
#16 9.148 Loading composer repositories with package information
#16 10.14 Updating dependencies
#16 10.16 Lock file operations: 14 installs, 0 updates, 0 removals
#16 10.16   - Locking commerceguys/addressing (v2.1.1)
#16 10.16   - Locking commerceguys/intl (v2.0.5)
#16 10.16   - Locking cweagans/composer-patches (1.7.3)
#16 10.16   - Locking doctrine/collections (2.1.4)
#16 10.16   - Locking drupal/address (2.0.1)
#16 10.16   - Locking drupal/color (1.0.3)
#16 10.16   - Locking drupal/commerce (2.38.0)
#16 10.16   - Locking drupal/entity (1.4.0)
#16 10.16   - Locking drupal/entity_reference_revisions (1.11.0)
#16 10.16   - Locking drupal/inline_entity_form (3.0.0-rc19)
#16 10.16   - Locking drupal/odm (dev-main)
#16 10.16   - Locking drupal/profile (1.8.0)
#16 10.16   - Locking drupal/state_machine (1.10.0)
#16 10.16   - Locking drupal/token (1.13.0)
#16 10.16 Writing lock file
#16 10.16 Installing dependencies from lock file (including require-dev)
#16 10.17 Package operations: 14 installs, 0 updates, 0 removals
#16 10.17 As there is no 'unzip' nor '7z' command installed zip files are being unpacked using the PHP zip extension.
#16 10.17 This may cause invalid reports of corrupted archives. Besides, any UNIX permissions (e.g. executable) defined in the archives will be lost.
#16 10.17 Installing 'unzip' or '7z' (21.01+) may remediate them.
#16 10.17   - Downloading cweagans/composer-patches (1.7.3)
#16 10.17   - Downloading commerceguys/intl (v2.0.5)
#16 10.17   - Downloading doctrine/collections (2.1.4)
#16 10.17   - Downloading commerceguys/addressing (v2.1.1)
#16 10.17   - Downloading drupal/address (2.0.1)
#16 10.17   - Downloading drupal/entity_reference_revisions (1.11.0)
#16 10.18   - Downloading drupal/inline_entity_form (3.0.0-rc19)
#16 10.18   - Downloading drupal/token (1.13.0)
#16 10.18   - Downloading drupal/state_machine (1.10.0)
#16 10.18   - Downloading drupal/entity (1.4.0)
#16 10.18   - Downloading drupal/profile (1.8.0)
#16 10.18   - Downloading drupal/commerce (2.38.0)
#16 10.18   - Downloading drupal/color (1.0.3)
#16 10.19   0/13 [>---------------------------]   0%
#16 10.58   6/13 [============>---------------]  46%
#16 10.68   8/13 [=================>----------]  61%
#16 10.99  11/13 [=======================>----]  84%
#16 11.23  12/13 [=========================>--]  92%
#16 11.24  13/13 [============================] 100%
#16 11.24   - Installing cweagans/composer-patches (1.7.3): Extracting archive
#16 11.25   - Installing commerceguys/intl (v2.0.5): Extracting archive
#16 11.27   - Installing doctrine/collections (2.1.4): Extracting archive
#16 11.28   - Installing commerceguys/addressing (v2.1.1): Extracting archive
#16 11.31   - Installing drupal/address (2.0.1): Extracting archive
#16 11.33   - Installing drupal/entity_reference_revisions (1.11.0): Extracting archive
#16 11.34   - Installing drupal/inline_entity_form (3.0.0-rc19): Extracting archive
#16 11.36   - Installing drupal/token (1.13.0): Extracting archive
#16 11.37   - Installing drupal/state_machine (1.10.0): Extracting archive
#16 11.38   - Installing drupal/entity (1.4.0): Extracting archive
#16 11.39   - Installing drupal/profile (1.8.0): Extracting archive
#16 11.40   - Installing drupal/commerce (2.38.0): Extracting archive
#16 11.51   - Installing drupal/color (1.0.3): Extracting archive
#16 11.53   - Installing drupal/odm (dev-main): Symlinking from ../odm
#16 11.57  0/2 [>---------------------------]   0%
#16 11.58  2/2 [============================] 100%
#16 11.82 Generating autoload files
#16 11.84 43 packages you are using are looking for funding.
#16 11.84 Use the `composer fund` command to find out more!
#16 13.46 No security vulnerability advisories found.
#16 14.07 ./composer.json has been updated
#16 14.10 Running composer update drush/drush
#16 14.11 Loading composer repositories with package information
#16 15.51 Updating dependencies
#16 15.54 Lock file operations: 22 installs, 0 updates, 0 removals
#16 15.54   - Locking chi-teck/drupal-code-generator (3.3.0)
#16 15.54   - Locking consolidation/annotated-command (4.9.2)
#16 15.54   - Locking consolidation/config (2.1.2)
#16 15.54   - Locking consolidation/filter-via-dot-access-data (2.0.2)
#16 15.54   - Locking consolidation/log (3.0.0)
#16 15.54   - Locking consolidation/output-formatters (4.3.2)
#16 15.54   - Locking consolidation/robo (4.0.6)
#16 15.54   - Locking consolidation/self-update (2.2.0)
#16 15.54   - Locking consolidation/site-alias (4.0.1)
#16 15.54   - Locking consolidation/site-process (5.2.0)
#16 15.54   - Locking dflydev/dot-access-data (v3.0.2)
#16 15.54   - Locking drush/drush (12.4.3)
#16 15.54   - Locking grasmash/expander (3.0.0)
#16 15.54   - Locking grasmash/yaml-cli (3.1.0)
#16 15.54   - Locking league/container (4.2.0)
#16 15.54   - Locking nikic/php-parser (v5.0.0)
#16 15.54   - Locking phootwork/collection (v3.2.2)
#16 15.54   - Locking phootwork/lang (v3.2.2)
#16 15.54   - Locking phpowermove/docblock (v4.0)
#16 15.54   - Locking psy/psysh (v0.12.0)
#16 15.54   - Locking symfony/polyfill-php81 (v1.29.0)
#16 15.54   - Locking webflo/drupal-finder (1.2.2)
#16 15.55 Writing lock file
#16 15.55 Installing dependencies from lock file (including require-dev)
#16 15.55 Package operations: 22 installs, 0 updates, 0 removals
#16 15.55 As there is no 'unzip' nor '7z' command installed zip files are being unpacked using the PHP zip extension.
#16 15.55 This may cause invalid reports of corrupted archives. Besides, any UNIX permissions (e.g. executable) defined in the archives will be lost.
#16 15.55 Installing 'unzip' or '7z' (21.01+) may remediate them.
#16 15.55   - Downloading consolidation/log (3.0.0)
#16 15.55   - Downloading consolidation/self-update (2.2.0)
#16 15.55   - Downloading webflo/drupal-finder (1.2.2)
#16 15.55   - Downloading nikic/php-parser (v5.0.0)
#16 15.55   - Downloading psy/psysh (v0.12.0)
#16 15.55   - Downloading league/container (4.2.0)
#16 15.56   - Downloading dflydev/dot-access-data (v3.0.2)
#16 15.56   - Downloading grasmash/yaml-cli (3.1.0)
#16 15.56   - Downloading grasmash/expander (3.0.0)
#16 15.56   - Downloading consolidation/config (2.1.2)
#16 15.56   - Downloading consolidation/site-alias (4.0.1)
#16 15.56   - Downloading consolidation/site-process (5.2.0)
#16 15.56   - Downloading symfony/polyfill-php81 (v1.29.0)
#16 15.56   - Downloading phootwork/lang (v3.2.2)
#16 15.56   - Downloading phootwork/collection (v3.2.2)
#16 15.56   - Downloading phpowermove/docblock (v4.0)
#16 15.56   - Downloading consolidation/output-formatters (4.3.2)
#16 15.56   - Downloading consolidation/annotated-command (4.9.2)
#16 15.56   - Downloading consolidation/robo (4.0.6)
#16 15.56   - Downloading consolidation/filter-via-dot-access-data (2.0.2)
#16 15.57   - Downloading chi-teck/drupal-code-generator (3.3.0)
#16 15.57   - Downloading drush/drush (12.4.3)
#16 15.57   0/22 [>---------------------------]   0%
#16 16.23   4/22 [=====>----------------------]  18%
#16 16.34  10/22 [============>---------------]  45%
#16 16.44  14/22 [=================>----------]  63%
#16 16.56  19/22 [========================>---]  86%
#16 16.67  20/22 [=========================>--]  90%
#16 16.74  22/22 [============================] 100%
#16 16.74   - Installing consolidation/log (3.0.0): Extracting archive
#16 16.74   - Installing consolidation/self-update (2.2.0): Extracting archive
#16 16.75   - Installing webflo/drupal-finder (1.2.2): Extracting archive
#16 16.75   - Installing nikic/php-parser (v5.0.0): Extracting archive
#16 16.77   - Installing psy/psysh (v0.12.0): Extracting archive
#16 16.79   - Installing league/container (4.2.0): Extracting archive
#16 16.80   - Installing dflydev/dot-access-data (v3.0.2): Extracting archive
#16 16.80   - Installing grasmash/yaml-cli (3.1.0): Extracting archive
#16 16.81   - Installing grasmash/expander (3.0.0): Extracting archive
#16 16.82   - Installing consolidation/config (2.1.2): Extracting archive
#16 16.82   - Installing consolidation/site-alias (4.0.1): Extracting archive
#16 16.83   - Installing consolidation/site-process (5.2.0): Extracting archive
#16 16.84   - Installing symfony/polyfill-php81 (v1.29.0): Extracting archive
#16 16.84   - Installing phootwork/lang (v3.2.2): Extracting archive
#16 16.84   - Installing phootwork/collection (v3.2.2): Extracting archive
#16 16.84   - Installing phpowermove/docblock (v4.0): Extracting archive
#16 16.85   - Installing consolidation/output-formatters (4.3.2): Extracting archive
#16 16.85   - Installing consolidation/annotated-command (4.9.2): Extracting archive
#16 16.86   - Installing consolidation/robo (4.0.6): Extracting archive
#16 16.87   - Installing consolidation/filter-via-dot-access-data (2.0.2): Extracting archive
#16 16.88   - Installing chi-teck/drupal-code-generator (3.3.0): Extracting archive
#16 16.91   - Installing drush/drush (12.4.3): Extracting archive
#16 17.00   0/12 [>---------------------------]   0%
#16 17.05  10/12 [=======================>----]  83%
#16 17.06  12/12 [============================] 100%
#16 17.25 5 package suggestions were added by new dependencies, use `composer suggest` to see details.
#16 17.25 Generating autoload files
#16 17.27 46 packages you are using are looking for funding.
#16 17.27 Use the `composer fund` command to find out more!
#16 18.82 No security vulnerability advisories found.
#16 18.83 Using version ^12.4 for drush/drush
#16 18.88 
#16 18.88 WARNING: apt does not have a stable CLI interface. Use with caution in scripts.
#16 18.88 
#16 19.00 Get:1 http://deb.debian.org/debian bookworm InRelease [151 kB]
#16 19.14 Get:2 http://deb.debian.org/debian bookworm-updates InRelease [55.4 kB]
#16 19.25 Get:3 http://deb.debian.org/debian-security bookworm-security InRelease [48.0 kB]
#16 19.35 Get:4 http://deb.debian.org/debian bookworm/main amd64 Packages [8786 kB]
#16 19.88 Get:5 http://deb.debian.org/debian bookworm-updates/main amd64 Packages [12.7 kB]
#16 19.95 Get:6 http://deb.debian.org/debian-security bookworm-security/main amd64 Packages [139 kB]
#16 20.59 Fetched 9192 kB in 2s (5433 kB/s)
#16 20.59 Reading package lists...
#16 21.07 Building dependency tree...
#16 21.22 Reading state information...
#16 21.23 All packages are up to date.
#16 21.24 
#16 21.24 WARNING: apt does not have a stable CLI interface. Use with caution in scripts.
#16 21.24 
#16 21.24 Reading package lists...
#16 21.74 Building dependency tree...
#16 21.88 Reading state information...
#16 22.14 The following additional packages will be installed:
#16 22.14   git-man less libbsd0 libcbor0.8 libcurl3-gnutls libedit2 liberror-perl
#16 22.14   libfido2-1 libjq1 libx11-6 libx11-data libxau6 libxcb1 libxdmcp6 libxext6
#16 22.14   libxmuu1 openssh-client xauth
#16 22.14 Suggested packages:
#16 22.14   gettext-base git-daemon-run | git-daemon-sysvinit git-doc git-email git-gui
#16 22.14   gitk gitweb git-cvs git-mediawiki git-svn hunspell keychain libpam-ssh
#16 22.14   monkeysphere ssh-askpass
#16 22.24 The following NEW packages will be installed:
#16 22.24   git git-man jq less libbsd0 libcbor0.8 libcurl3-gnutls libedit2
#16 22.24   liberror-perl libfido2-1 libjq1 libx11-6 libx11-data libxau6 libxcb1
#16 22.24   libxdmcp6 libxext6 libxmuu1 nano openssh-client xauth
#16 22.33 0 upgraded, 21 newly installed, 0 to remove and 0 not upgraded.
#16 22.33 Need to get 13.3 MB of archives.
#16 22.33 After this operation, 62.9 MB of additional disk space will be used.
#16 22.33 Get:1 http://deb.debian.org/debian bookworm/main amd64 less amd64 590-2 [131 kB]
#16 22.49 Get:2 http://deb.debian.org/debian bookworm/main amd64 nano amd64 7.2-1 [689 kB]
#16 22.76 Get:3 http://deb.debian.org/debian bookworm/main amd64 libbsd0 amd64 0.11.7-2 [117 kB]
#16 22.89 Get:4 http://deb.debian.org/debian bookworm/main amd64 libedit2 amd64 3.1-20221030-2 [93.0 kB]
#16 23.02 Get:5 http://deb.debian.org/debian bookworm/main amd64 libcbor0.8 amd64 0.8.0-2+b1 [27.4 kB]
#16 23.10 Get:6 http://deb.debian.org/debian bookworm/main amd64 libfido2-1 amd64 1.12.0-2+b1 [77.2 kB]
#16 23.22 Get:7 http://deb.debian.org/debian bookworm/main amd64 openssh-client amd64 1:9.2p1-2+deb12u2 [990 kB]
#16 23.54 Get:8 http://deb.debian.org/debian bookworm/main amd64 libcurl3-gnutls amd64 7.88.1-10+deb12u5 [385 kB]
#16 23.76 Get:9 http://deb.debian.org/debian bookworm/main amd64 liberror-perl all 0.17029-2 [29.0 kB]
#16 23.85 Get:10 http://deb.debian.org/debian bookworm/main amd64 git-man all 1:2.39.2-1.1 [2049 kB]
#16 24.29 Get:11 http://deb.debian.org/debian bookworm/main amd64 git amd64 1:2.39.2-1.1 [7171 kB]
#16 24.82 Get:12 http://deb.debian.org/debian bookworm/main amd64 libjq1 amd64 1.6-2.1 [135 kB]
#16 24.97 Get:13 http://deb.debian.org/debian bookworm/main amd64 jq amd64 1.6-2.1 [64.9 kB]
#16 25.08 Get:14 http://deb.debian.org/debian bookworm/main amd64 libxau6 amd64 1:1.0.9-1 [19.7 kB]
#16 25.16 Get:15 http://deb.debian.org/debian bookworm/main amd64 libxdmcp6 amd64 1:1.1.2-3 [26.3 kB]
#16 25.24 Get:16 http://deb.debian.org/debian bookworm/main amd64 libxcb1 amd64 1.15-1 [144 kB]
#16 25.39 Get:17 http://deb.debian.org/debian bookworm/main amd64 libx11-data all 2:1.8.4-2+deb12u2 [292 kB]
#16 25.59 Get:18 http://deb.debian.org/debian bookworm/main amd64 libx11-6 amd64 2:1.8.4-2+deb12u2 [760 kB]
#16 25.84 Get:19 http://deb.debian.org/debian bookworm/main amd64 libxext6 amd64 2:1.3.4-1+b1 [52.9 kB]
#16 25.96 Get:20 http://deb.debian.org/debian bookworm/main amd64 libxmuu1 amd64 2:1.1.3-3 [23.9 kB]
#16 26.04 Get:21 http://deb.debian.org/debian bookworm/main amd64 xauth amd64 1:1.1.2-1 [36.0 kB]
#16 26.16 debconf: delaying package configuration, since apt-utils is not installed
#16 26.20 Fetched 13.3 MB in 4s (3508 kB/s)
#16 26.22 Selecting previously unselected package less.
#16 26.22 (Reading database ... (Reading database ... 5%(Reading database ... 10%(Reading database ... 15%(Reading database ... 20%(Reading database ... 25%(Reading database ... 30%(Reading database ... 35%(Reading database ... 40%(Reading database ... 45%(Reading database ... 50%(Reading database ... 55%(Reading database ... 60%(Reading database ... 65%(Reading database ... 70%(Reading database ... 75%(Reading database ... 80%(Reading database ... 85%(Reading database ... 90%(Reading database ... 95%(Reading database ... 100%(Reading database ... 14225 files and directories currently installed.)
#16 26.23 Preparing to unpack .../00-less_590-2_amd64.deb ...
#16 26.24 Unpacking less (590-2) ...
#16 26.27 Selecting previously unselected package nano.
#16 26.28 Preparing to unpack .../01-nano_7.2-1_amd64.deb ...
#16 26.28 Unpacking nano (7.2-1) ...
#16 26.35 Selecting previously unselected package libbsd0:amd64.
#16 26.36 Preparing to unpack .../02-libbsd0_0.11.7-2_amd64.deb ...
#16 26.36 Unpacking libbsd0:amd64 (0.11.7-2) ...
#16 26.40 Selecting previously unselected package libedit2:amd64.
#16 26.40 Preparing to unpack .../03-libedit2_3.1-20221030-2_amd64.deb ...
#16 26.41 Unpacking libedit2:amd64 (3.1-20221030-2) ...
#16 26.44 Selecting previously unselected package libcbor0.8:amd64.
#16 26.45 Preparing to unpack .../04-libcbor0.8_0.8.0-2+b1_amd64.deb ...
#16 26.45 Unpacking libcbor0.8:amd64 (0.8.0-2+b1) ...
#16 26.48 Selecting previously unselected package libfido2-1:amd64.
#16 26.48 Preparing to unpack .../05-libfido2-1_1.12.0-2+b1_amd64.deb ...
#16 26.49 Unpacking libfido2-1:amd64 (1.12.0-2+b1) ...
#16 26.53 Selecting previously unselected package openssh-client.
#16 26.53 Preparing to unpack .../06-openssh-client_1%3a9.2p1-2+deb12u2_amd64.deb ...
#16 26.54 Unpacking openssh-client (1:9.2p1-2+deb12u2) ...
#16 26.63 Selecting previously unselected package libcurl3-gnutls:amd64.
#16 26.63 Preparing to unpack .../07-libcurl3-gnutls_7.88.1-10+deb12u5_amd64.deb ...
#16 26.64 Unpacking libcurl3-gnutls:amd64 (7.88.1-10+deb12u5) ...
#16 26.68 Selecting previously unselected package liberror-perl.
#16 26.68 Preparing to unpack .../08-liberror-perl_0.17029-2_all.deb ...
#16 26.69 Unpacking liberror-perl (0.17029-2) ...
#16 26.72 Selecting previously unselected package git-man.
#16 26.72 Preparing to unpack .../09-git-man_1%3a2.39.2-1.1_all.deb ...
#16 26.73 Unpacking git-man (1:2.39.2-1.1) ...
#16 26.83 Selecting previously unselected package git.
#16 26.83 Preparing to unpack .../10-git_1%3a2.39.2-1.1_amd64.deb ...
#16 26.84 Unpacking git (1:2.39.2-1.1) ...
#16 27.14 Selecting previously unselected package libjq1:amd64.
#16 27.15 Preparing to unpack .../11-libjq1_1.6-2.1_amd64.deb ...
#16 27.15 Unpacking libjq1:amd64 (1.6-2.1) ...
#16 27.19 Selecting previously unselected package jq.
#16 27.19 Preparing to unpack .../12-jq_1.6-2.1_amd64.deb ...
#16 27.20 Unpacking jq (1.6-2.1) ...
#16 27.23 Selecting previously unselected package libxau6:amd64.
#16 27.23 Preparing to unpack .../13-libxau6_1%3a1.0.9-1_amd64.deb ...
#16 27.24 Unpacking libxau6:amd64 (1:1.0.9-1) ...
#16 27.27 Selecting previously unselected package libxdmcp6:amd64.
#16 27.27 Preparing to unpack .../14-libxdmcp6_1%3a1.1.2-3_amd64.deb ...
#16 27.27 Unpacking libxdmcp6:amd64 (1:1.1.2-3) ...
#16 27.31 Selecting previously unselected package libxcb1:amd64.
#16 27.31 Preparing to unpack .../15-libxcb1_1.15-1_amd64.deb ...
#16 27.31 Unpacking libxcb1:amd64 (1.15-1) ...
#16 27.34 Selecting previously unselected package libx11-data.
#16 27.34 Preparing to unpack .../16-libx11-data_2%3a1.8.4-2+deb12u2_all.deb ...
#16 27.35 Unpacking libx11-data (2:1.8.4-2+deb12u2) ...
#16 27.41 Selecting previously unselected package libx11-6:amd64.
#16 27.41 Preparing to unpack .../17-libx11-6_2%3a1.8.4-2+deb12u2_amd64.deb ...
#16 27.42 Unpacking libx11-6:amd64 (2:1.8.4-2+deb12u2) ...
#16 27.49 Selecting previously unselected package libxext6:amd64.
#16 27.49 Preparing to unpack .../18-libxext6_2%3a1.3.4-1+b1_amd64.deb ...
#16 27.49 Unpacking libxext6:amd64 (2:1.3.4-1+b1) ...
#16 27.53 Selecting previously unselected package libxmuu1:amd64.
#16 27.53 Preparing to unpack .../19-libxmuu1_2%3a1.1.3-3_amd64.deb ...
#16 27.53 Unpacking libxmuu1:amd64 (2:1.1.3-3) ...
#16 27.56 Selecting previously unselected package xauth.
#16 27.56 Preparing to unpack .../20-xauth_1%3a1.1.2-1_amd64.deb ...
#16 27.56 Unpacking xauth (1:1.1.2-1) ...
#16 27.60 Setting up libxau6:amd64 (1:1.0.9-1) ...
#16 27.61 Setting up libjq1:amd64 (1.6-2.1) ...
#16 27.62 Setting up libcbor0.8:amd64 (0.8.0-2+b1) ...
#16 27.63 Setting up less (590-2) ...
#16 27.65 Setting up libcurl3-gnutls:amd64 (7.88.1-10+deb12u5) ...
#16 27.66 Setting up liberror-perl (0.17029-2) ...
#16 27.68 Setting up libx11-data (2:1.8.4-2+deb12u2) ...
#16 27.69 Setting up nano (7.2-1) ...
#16 27.71 update-alternatives: using /bin/nano to provide /usr/bin/editor (editor) in auto mode
#16 27.71 update-alternatives: warning: skip creation of /usr/share/man/man1/editor.1.gz because associated file /usr/share/man/man1/nano.1.gz (of link group editor) doesn't exist
#16 27.71 update-alternatives: using /bin/nano to provide /usr/bin/pico (pico) in auto mode
#16 27.71 update-alternatives: warning: skip creation of /usr/share/man/man1/pico.1.gz because associated file /usr/share/man/man1/nano.1.gz (of link group pico) doesn't exist
#16 27.72 Setting up jq (1.6-2.1) ...
#16 27.73 Setting up git-man (1:2.39.2-1.1) ...
#16 27.74 Setting up libfido2-1:amd64 (1.12.0-2+b1) ...
#16 27.75 Setting up libbsd0:amd64 (0.11.7-2) ...
#16 27.76 Setting up libxdmcp6:amd64 (1:1.1.2-3) ...
#16 27.77 Setting up libxcb1:amd64 (1.15-1) ...
#16 27.78 Setting up libedit2:amd64 (3.1-20221030-2) ...
#16 27.80 Setting up git (1:2.39.2-1.1) ...
#16 27.82 Setting up libx11-6:amd64 (2:1.8.4-2+deb12u2) ...
#16 27.83 Setting up libxmuu1:amd64 (2:1.1.3-3) ...
#16 27.84 Setting up openssh-client (1:9.2p1-2+deb12u2) ...
#16 27.91 Setting up libxext6:amd64 (2:1.3.4-1+b1) ...
#16 27.92 Setting up xauth (1:1.1.2-1) ...
#16 27.93 Processing triggers for libc-bin (2.36-9+deb12u4) ...
#16 28.06 chown: cannot access '/opt/drupal/web/profiles/odm': No such file or directory
#16 28.06 chmod: cannot access '/opt/drupal/web/profiles/odm': No such file or directory
#16 DONE 28.2s

#17 [drupal  9/10] ADD ./entrypoint.sh /opt/entrypoint.sh
#17 DONE 0.0s

#18 [drupal 10/10] RUN chmod +x /opt/entrypoint.sh
#18 DONE 0.5s

#19 [drupal] exporting to image
#19 exporting layers
#19 exporting layers 1.1s done
#19 writing image sha256:a86f0b24cc8f5129be4a02e87aa25b2e8ab530b9c5dd38d7548e36a34662fefb done
#19 naming to docker.io/library/open-data-marketplace-docker-image-drupal done
#19 DONE 1.2s
 Network open-data-marketplace-docker-image_default  Creating
 Network open-data-marketplace-docker-image_default  Created
 Volume "open-data-marketplace-docker-image_drupal_default"  Creating
 Volume "open-data-marketplace-docker-image_drupal_default"  Created
 Container open-data-marketplace-docker-image-password-generator-1  Creating
 Container open-data-marketplace-docker-image-password-generator-1  Created
 Container open-data-marketplace-docker-image-database-1  Creating
 Container open-data-marketplace-docker-image-database-1  Created
 Container open-data-marketplace-docker-image-drupal-1  Creating
 Container open-data-marketplace-docker-image-drupal-1  Created
Attaching to database-1, drupal-1, password-generator-1
password-generator-1  | Using existing MySQL root password from /run/secrets/mysql_root_password/password
database-1            | 2024-02-21 10:52:55+00:00 [Note] [Entrypoint]: Entrypoint script for MySQL Server 8.3.0-1.el8 started.
database-1            | 2024-02-21 10:52:56+00:00 [Note] [Entrypoint]: Switching to dedicated user 'mysql'
database-1            | 2024-02-21 10:52:56+00:00 [Note] [Entrypoint]: Entrypoint script for MySQL Server 8.3.0-1.el8 started.
password-generator-1 exited with code 0
database-1            | 2024-02-21 10:52:56+00:00 [Note] [Entrypoint]: Initializing database files
database-1            | 2024-02-21T10:52:56.232006Z 0 [System] [MY-015017] [Server] MySQL Server Initialization - start.
database-1            | 2024-02-21T10:52:56.233333Z 0 [System] [MY-013169] [Server] /usr/sbin/mysqld (mysqld 8.3.0) initializing of server in progress as process 81
database-1            | 2024-02-21T10:52:56.241178Z 1 [System] [MY-013576] [InnoDB] InnoDB initialization has started.
drupal-1              | setting DRUPAL_DB_HOST
drupal-1              | setting DRUPAL_DB_USER
drupal-1              | setting DRUPAL_DB_PASSWORD
drupal-1              | setting MYSQL_DATABASE
drupal-1              | 
drupal-1              | wait-for-it.sh: waiting 3 seconds for database:3306
database-1            | 2024-02-21T10:52:56.675523Z 1 [System] [MY-013577] [InnoDB] InnoDB initialization has ended.
database-1            | 2024-02-21T10:52:58.086170Z 6 [Warning] [MY-010453] [Server] root@localhost is created with an empty password ! Please consider switching off the --initialize-insecure option.
drupal-1              | wait-for-it.sh: timeout occurred after waiting 3 seconds for database:3306
drupal-1              | AH00558: apache2: Could not reliably determine the server's fully qualified domain name, using 192.168.176.4. Set the 'ServerName' directive globally to suppress this message
drupal-1              | AH00558: apache2: Could not reliably determine the server's fully qualified domain name, using 192.168.176.4. Set the 'ServerName' directive globally to suppress this message
drupal-1              | [Wed Feb 21 10:52:59.615781 2024] [mpm_prefork:notice] [pid 1] AH00163: Apache/2.4.57 (Debian) PHP/8.2.16 configured -- resuming normal operations
drupal-1              | [Wed Feb 21 10:52:59.615833 2024] [core:notice] [pid 1] AH00094: Command line: 'apache2 -D FOREGROUND'
database-1            | 2024-02-21T10:53:01.290612Z 0 [System] [MY-015018] [Server] MySQL Server Initialization - end.
database-1            | 2024-02-21 10:53:01+00:00 [Note] [Entrypoint]: Database files initialized
database-1            | 2024-02-21 10:53:01+00:00 [Note] [Entrypoint]: Starting temporary server
database-1            | 2024-02-21T10:53:01.451670Z 0 [System] [MY-015015] [Server] MySQL Server - start.
database-1            | 2024-02-21T10:53:01.642448Z 0 [System] [MY-010116] [Server] /usr/sbin/mysqld (mysqld 8.3.0) starting as process 125
database-1            | 2024-02-21T10:53:01.652247Z 1 [System] [MY-013576] [InnoDB] InnoDB initialization has started.
database-1            | 2024-02-21T10:53:01.746718Z 1 [System] [MY-013577] [InnoDB] InnoDB initialization has ended.
database-1            | 2024-02-21T10:53:01.981654Z 0 [Warning] [MY-010068] [Server] CA certificate ca.pem is self signed.
database-1            | 2024-02-21T10:53:01.981706Z 0 [System] [MY-013602] [Server] Channel mysql_main configured to support TLS. Encrypted connections are now supported for this channel.
database-1            | 2024-02-21T10:53:01.984435Z 0 [Warning] [MY-011810] [Server] Insecure configuration for --pid-file: Location '/var/run/mysqld' in the path is accessible to all OS users. Consider choosing a different directory.
database-1            | 2024-02-21T10:53:02.001186Z 0 [System] [MY-011323] [Server] X Plugin ready for connections. Socket: /var/run/mysqld/mysqlx.sock
database-1            | 2024-02-21T10:53:02.001349Z 0 [System] [MY-010931] [Server] /usr/sbin/mysqld: ready for connections. Version: '8.3.0'  socket: '/var/run/mysqld/mysqld.sock'  port: 0  MySQL Community Server - GPL.
database-1            | 2024-02-21 10:53:02+00:00 [Note] [Entrypoint]: Temporary server started.
database-1            | '/var/lib/mysql/mysql.sock' -> '/var/run/mysqld/mysqld.sock'
database-1            | Warning: Unable to load '/usr/share/zoneinfo/iso3166.tab' as time zone. Skipping it.
database-1            | Warning: Unable to load '/usr/share/zoneinfo/leap-seconds.list' as time zone. Skipping it.
database-1            | Warning: Unable to load '/usr/share/zoneinfo/leapseconds' as time zone. Skipping it.
database-1            | Warning: Unable to load '/usr/share/zoneinfo/tzdata.zi' as time zone. Skipping it.
database-1            | Warning: Unable to load '/usr/share/zoneinfo/zone.tab' as time zone. Skipping it.
database-1            | Warning: Unable to load '/usr/share/zoneinfo/zone1970.tab' as time zone. Skipping it.
database-1            | 2024-02-21 10:53:04+00:00 [Note] [Entrypoint]: Creating database drupal
database-1            | 
database-1            | 2024-02-21 10:53:04+00:00 [Note] [Entrypoint]: Stopping temporary server
database-1            | 2024-02-21T10:53:04.677160Z 12 [System] [MY-013172] [Server] Received SHUTDOWN from user root. Shutting down mysqld (Version: 8.3.0).
database-1            | 2024-02-21T10:53:05.700228Z 0 [System] [MY-010910] [Server] /usr/sbin/mysqld: Shutdown complete (mysqld 8.3.0)  MySQL Community Server - GPL.
database-1            | 2024-02-21T10:53:05.700270Z 0 [System] [MY-015016] [Server] MySQL Server - end.
database-1            | 2024-02-21 10:53:06+00:00 [Note] [Entrypoint]: Temporary server stopped
database-1            | 
database-1            | 2024-02-21 10:53:06+00:00 [Note] [Entrypoint]: MySQL init process done. Ready for start up.
database-1            | 
database-1            | 2024-02-21T10:53:06.687233Z 0 [System] [MY-015015] [Server] MySQL Server - start.
database-1            | 2024-02-21T10:53:06.865631Z 0 [System] [MY-010116] [Server] /usr/sbin/mysqld (mysqld 8.3.0) starting as process 1
database-1            | 2024-02-21T10:53:06.883013Z 1 [System] [MY-013576] [InnoDB] InnoDB initialization has started.
database-1            | 2024-02-21T10:53:07.098992Z 1 [System] [MY-013577] [InnoDB] InnoDB initialization has ended.
database-1            | 2024-02-21T10:53:07.548008Z 0 [Warning] [MY-010068] [Server] CA certificate ca.pem is self signed.
database-1            | 2024-02-21T10:53:07.548061Z 0 [System] [MY-013602] [Server] Channel mysql_main configured to support TLS. Encrypted connections are now supported for this channel.
database-1            | 2024-02-21T10:53:07.578313Z 0 [Warning] [MY-011810] [Server] Insecure configuration for --pid-file: Location '/var/run/mysqld' in the path is accessible to all OS users. Consider choosing a different directory.
database-1            | 2024-02-21T10:53:07.630682Z 0 [System] [MY-011323] [Server] X Plugin ready for connections. Bind-address: '::' port: 33060, socket: /var/run/mysqld/mysqlx.sock
database-1            | 2024-02-21T10:53:07.631012Z 0 [System] [MY-010931] [Server] /usr/sbin/mysqld: ready for connections. Version: '8.3.0'  socket: '/var/run/mysqld/mysqld.sock'  port: 3306  MySQL Community Server - GPL.
Gracefully stopping... (press Ctrl+C again to force)
 Container open-data-marketplace-docker-image-drupal-1  Stopping
 Container open-data-marketplace-docker-image-drupal-1  Stopped
 Container open-data-marketplace-docker-image-database-1  Stopping
 Container open-data-marketplace-docker-image-database-1  Stopped
 Container open-data-marketplace-docker-image-password-generator-1  Stopping
 Container open-data-marketplace-docker-image-password-generator-1  Stopped
canceled
